----------------------------------------------------------------------------------------------------------------------------------------------------------
      name:  <unnamed>
       log:  C:\Users\idank\לימודים\שנה ב\אקונומטריקה\תרגיל 6\ps6_log.log
  log type:  text
 opened on:   2 Dec 2020, 11:55:45

. 
. 
. /* 
> idan keipour 
> 315355537
> EX3
> */
. 
. use "WAGE1.dta", clear                // open a Stata data file"

. 
. 
. * ans 2)
. reg lwage educ exper tenure

      Source |       SS           df       MS      Number of obs   =       935
-------------+----------------------------------   F(3, 931)       =     56.97
       Model |  25.6953278         3  8.56510927   Prob > F        =    0.0000
    Residual |  139.960966       931  .150334013   R-squared       =    0.1551
-------------+----------------------------------   Adj R-squared   =    0.1524
       Total |  165.656294       934  .177362199   Root MSE        =    .38773

------------------------------------------------------------------------------
       lwage |      Coef.   Std. Err.      t    P>|t|     [95% Conf. Interval]
-------------+----------------------------------------------------------------
        educ |   .0748638   .0065124    11.50   0.000      .062083    .0876446
       exper |   .0153285   .0033696     4.55   0.000     .0087156    .0219413
      tenure |   .0133748   .0025872     5.17   0.000     .0082974    .0184522
       _cons |   5.496696   .1105282    49.73   0.000     5.279782    5.713609
------------------------------------------------------------------------------

. reg educ tenure exper

      Source |       SS           df       MS      Number of obs   =       935
-------------+----------------------------------   F(2, 932)       =    126.50
       Model |  962.209217         2  481.104608   Prob > F        =    0.0000
    Residual |  3544.61003       932  3.80322965   R-squared       =    0.2135
-------------+----------------------------------   Adj R-squared   =    0.2118
       Total |  4506.81925       934  4.82528828   Root MSE        =    1.9502

------------------------------------------------------------------------------
        educ |      Coef.   Std. Err.      t    P>|t|     [95% Conf. Interval]
-------------+----------------------------------------------------------------
      tenure |   .0344348    .012964     2.66   0.008     .0089928    .0598768
       exper |  -.2384953   .0150403   -15.86   0.000    -.2680121   -.2089786
       _cons |   15.97721   .1875178    85.20   0.000     15.60921    16.34522
------------------------------------------------------------------------------

. gen u_hat = educ - 0.0344348*tenure +0.2384953*exper - 15.97721

. reg lwage u_hat

      Source |       SS           df       MS      Number of obs   =       935
-------------+----------------------------------   F(1, 933)       =    127.14
       Model |  19.8660676         1  19.8660676   Prob > F        =    0.0000
    Residual |  145.790227       933  .156259621   R-squared       =    0.1199
-------------+----------------------------------   Adj R-squared   =    0.1190
       Total |  165.656294       934  .177362199   Root MSE        =     .3953

------------------------------------------------------------------------------
       lwage |      Coef.   Std. Err.      t    P>|t|     [95% Conf. Interval]
-------------+----------------------------------------------------------------
       u_hat |   .0748638   .0066396    11.28   0.000     .0618336     .087894
       _cons |   6.779004   .0129276   524.38   0.000     6.753633    6.804374
------------------------------------------------------------------------------

. 
. * ans 3)
. use "DISCRIM.dta", clear

. des prpblck

              storage   display    value
variable name   type    format     label      variable label
----------------------------------------------------------------------------------------------------------------------------------------------------------
prpblck         float   %9.0g                 proportion black, zipcode

. des income

              storage   display    value
variable name   type    format     label      variable label
----------------------------------------------------------------------------------------------------------------------------------------------------------
income          float   %9.0g                 median family income, zipcode

. sum income

    Variable |        Obs        Mean    Std. Dev.       Min        Max
-------------+---------------------------------------------------------
      income |        409    47053.78    13179.29      15919     136529

. sum prpblck

    Variable |        Obs        Mean    Std. Dev.       Min        Max
-------------+---------------------------------------------------------
     prpblck |        409    .1134864    .1824165          0   .9816579

. 
. des psoda

              storage   display    value
variable name   type    format     label      variable label
----------------------------------------------------------------------------------------------------------------------------------------------------------
psoda           float   %9.0g                 price of medium soda, 1st wave

. reg psoda prpblck income

      Source |       SS           df       MS      Number of obs   =       401
-------------+----------------------------------   F(2, 398)       =     13.66
       Model |  .202552215         2  .101276107   Prob > F        =    0.0000
    Residual |  2.95146493       398  .007415741   R-squared       =    0.0642
-------------+----------------------------------   Adj R-squared   =    0.0595
       Total |  3.15401715       400  .007885043   Root MSE        =    .08611

------------------------------------------------------------------------------
       psoda |      Coef.   Std. Err.      t    P>|t|     [95% Conf. Interval]
-------------+----------------------------------------------------------------
     prpblck |   .1149882   .0260006     4.42   0.000     .0638724    .1661039
      income |   1.60e-06   3.62e-07     4.43   0.000     8.91e-07    2.31e-06
       _cons |   .9563196    .018992    50.35   0.000     .9189824    .9936568
------------------------------------------------------------------------------

. reg psoda prpblck

      Source |       SS           df       MS      Number of obs   =       401
-------------+----------------------------------   F(1, 399)       =      7.34
       Model |  .057010466         1  .057010466   Prob > F        =    0.0070
    Residual |  3.09700668       399  .007761922   R-squared       =    0.0181
-------------+----------------------------------   Adj R-squared   =    0.0156
       Total |  3.15401715       400  .007885043   Root MSE        =     .0881

------------------------------------------------------------------------------
       psoda |      Coef.   Std. Err.      t    P>|t|     [95% Conf. Interval]
-------------+----------------------------------------------------------------
     prpblck |   .0649269    .023957     2.71   0.007     .0178292    .1120245
       _cons |   1.037399   .0051905   199.87   0.000     1.027195    1.047603
------------------------------------------------------------------------------

. gen l_psoda = log(psoda)
(8 missing values generated)

. gen l_income = log(income)
(1 missing value generated)

. reg l_psoda prpblck l_income

      Source |       SS           df       MS      Number of obs   =       401
-------------+----------------------------------   F(2, 398)       =     14.54
       Model |  .196020672         2  .098010336   Prob > F        =    0.0000
    Residual |  2.68272938       398  .006740526   R-squared       =    0.0681
-------------+----------------------------------   Adj R-squared   =    0.0634
       Total |  2.87875005       400  .007196875   Root MSE        =     .0821

------------------------------------------------------------------------------
     l_psoda |      Coef.   Std. Err.      t    P>|t|     [95% Conf. Interval]
-------------+----------------------------------------------------------------
     prpblck |   .1215803   .0257457     4.72   0.000     .0709657    .1721948
    l_income |   .0765114   .0165969     4.61   0.000     .0438829    .1091399
       _cons |   -.793768   .1794337    -4.42   0.000    -1.146524   -.4410117
------------------------------------------------------------------------------

. 
. des prppov

              storage   display    value
variable name   type    format     label      variable label
----------------------------------------------------------------------------------------------------------------------------------------------------------
prppov          float   %9.0g                 proportion in poverty, zipcode

. reg l_psoda prpblck l_income prppov

      Source |       SS           df       MS      Number of obs   =       401
-------------+----------------------------------   F(3, 397)       =     12.60
       Model |  .250340622         3  .083446874   Prob > F        =    0.0000
    Residual |  2.62840943       397  .006620679   R-squared       =    0.0870
-------------+----------------------------------   Adj R-squared   =    0.0801
       Total |  2.87875005       400  .007196875   Root MSE        =    .08137

------------------------------------------------------------------------------
     l_psoda |      Coef.   Std. Err.      t    P>|t|     [95% Conf. Interval]
-------------+----------------------------------------------------------------
     prpblck |   .0728072   .0306756     2.37   0.018     .0125003    .1331141
    l_income |   .1369553   .0267554     5.12   0.000     .0843552    .1895553
      prppov |     .38036   .1327903     2.86   0.004     .1192999    .6414201
       _cons |  -1.463333   .2937111    -4.98   0.000    -2.040756   -.8859092
------------------------------------------------------------------------------

. 
. cor l_income prppov
(obs=409)

             | l_income   prppov
-------------+------------------
    l_income |   1.0000
      prppov |  -0.8385   1.0000


. 
. 
. 
. 
. 
. log close                                               // close the log
      name:  <unnamed>
       log:  C:\Users\idank\לימודים\שנה ב\אקונומטריקה\תרגיל 6\ps6_log.log
  log type:  text
 closed on:   2 Dec 2020, 11:55:45
----------------------------------------------------------------------------------------------------------------------------------------------------------
