----------------------------------------------------------------------------------------------------------------------------------------------------------
      name:  <unnamed>
       log:  C:\Users\idank\לימודים\שנה ב\אקונומטריקה\תרגיל 3\ps3_log.log
  log type:  text
 opened on:  12 Nov 2020, 09:52:47

. 
. 
. /* 
> idan keipour 
> 315355537
> EX3
> */
. 
. use "HPRICES.dta", clear                // open a Stata data file"

. 
. 
. * ans a)
. mean price

Mean estimation                   Number of obs   =        176

--------------------------------------------------------------
             |       Mean   Std. Err.     [95% Conf. Interval]
-------------+------------------------------------------------
       price |   308363.6   7802.407      292964.7    323762.6
--------------------------------------------------------------

. gen centered_price= price-308363.6

. mean sqrft

Mean estimation                   Number of obs   =        176

--------------------------------------------------------------
             |       Mean   Std. Err.     [95% Conf. Interval]
-------------+------------------------------------------------
       sqrft |   2114.852   44.11405      2027.788    2201.916
--------------------------------------------------------------

. gen centered_sqrft= sqrft-2114.852

. 
. 
. * ans b)
. reg price sqrft

      Source |       SS           df       MS      Number of obs   =       176
-------------+----------------------------------   F(1, 174)       =    291.76
       Model |  1.1745e+12         1  1.1745e+12   Prob > F        =    0.0000
    Residual |  7.0048e+11       174  4.0258e+09   R-squared       =    0.6264
-------------+----------------------------------   Adj R-squared   =    0.6243
       Total |  1.8750e+12       175  1.0714e+10   Root MSE        =     63449

------------------------------------------------------------------------------
       price |      Coef.   Std. Err.      t    P>|t|     [95% Conf. Interval]
-------------+----------------------------------------------------------------
       sqrft |   139.9854   8.195431    17.08   0.000     123.8102    156.1607
       _cons |   12315.18   17979.88     0.68   0.494    -23171.56    47801.93
------------------------------------------------------------------------------

. reg centered_price centered_sqrft

      Source |       SS           df       MS      Number of obs   =       176
-------------+----------------------------------   F(1, 174)       =    291.76
       Model |  1.1745e+12         1  1.1745e+12   Prob > F        =    0.0000
    Residual |  7.0048e+11       174  4.0258e+09   R-squared       =    0.6264
-------------+----------------------------------   Adj R-squared   =    0.6243
       Total |  1.8750e+12       175  1.0714e+10   Root MSE        =     63449

--------------------------------------------------------------------------------
centered_price |      Coef.   Std. Err.      t    P>|t|     [95% Conf. Interval]
---------------+----------------------------------------------------------------
centered_sqrft |   139.9854   8.195431    17.08   0.000     123.8102    156.1607
         _cons |  -.0021692   4782.641    -0.00   1.000    -9439.459    9439.455
--------------------------------------------------------------------------------

. sum sqrft                //use to check what is the Std. Dev

    Variable |        Obs        Mean    Std. Dev.       Min        Max
-------------+---------------------------------------------------------
       sqrft |        176    2114.852     585.239       1171       4091

. sum centered_sqrft

    Variable |        Obs        Mean    Std. Dev.       Min        Max
-------------+---------------------------------------------------------
centered_s~t |        176    .0002741     585.239   -943.852   1976.148

. 
. * ans c)
. twoway (lfit price sqrft) (scatter price sqrft), title(Regress size of house on price)xtitle(size of the house) ytitle(price)

. 
. twoway (lfit centered_price centered_sqrft) (scatter centered_price centered_sqrft), title(Regress size of house on price)xtitle(centered size of the ho
> use) ytitle(centered price)

. 
. * ans d)
. gen lprice2 = log(price * 1000)

. reg lprice sqrft

      Source |       SS           df       MS      Number of obs   =       176
-------------+----------------------------------   F(1, 174)       =    254.62
       Model |  9.01472907         1  9.01472907   Prob > F        =    0.0000
    Residual |  6.16035441       174  .035404336   R-squared       =    0.5940
-------------+----------------------------------   Adj R-squared   =    0.5917
       Total |  15.1750835       175  .086714763   Root MSE        =    .18816

------------------------------------------------------------------------------
      lprice |      Coef.   Std. Err.      t    P>|t|     [95% Conf. Interval]
-------------+----------------------------------------------------------------
       sqrft |   .0003878   .0000243    15.96   0.000     .0003398    .0004358
       _cons |   11.77292   .0533201   220.80   0.000     11.66768    11.87816
------------------------------------------------------------------------------

. reg lprice2 sqrft 

      Source |       SS           df       MS      Number of obs   =       176
-------------+----------------------------------   F(1, 174)       =    254.62
       Model |  9.01472457         1  9.01472457   Prob > F        =    0.0000
    Residual |  6.16035152       174  .035404319   R-squared       =    0.5940
-------------+----------------------------------   Adj R-squared   =    0.5917
       Total |  15.1750761       175   .08671472   Root MSE        =    .18816

------------------------------------------------------------------------------
     lprice2 |      Coef.   Std. Err.      t    P>|t|     [95% Conf. Interval]
-------------+----------------------------------------------------------------
       sqrft |   .0003878   .0000243    15.96   0.000     .0003398    .0004358
       _cons |   18.68068   .0533201   350.35   0.000     18.57544    18.78591
------------------------------------------------------------------------------

. twoway (lfit lprice sqrft) (scatter lprice sqrft), title(Regress size of house on price)xtitle(size of the house) ytitle(price)

. twoway (lfit lprice2 sqrft) (scatter lprice2 sqrft), title(Regress size of house on price)xtitle(size of the house) ytitle(price)

. 
. log close                                               // close the log
      name:  <unnamed>
       log:  C:\Users\idank\לימודים\שנה ב\אקונומטריקה\תרגיל 3\ps3_log.log
  log type:  text
 closed on:  12 Nov 2020, 09:52:50
----------------------------------------------------------------------------------------------------------------------------------------------------------
