----------------------------------------------------------------------------------------------------------------------------------------------------------
      name:  <unnamed>
       log:  C:\Users\idank\לימודים\שנה ב\אקונומטריקה\תרגיל 8\ps8_log.log
  log type:  text
 opened on:  31 Dec 2020, 12:35:27

. 
. 
. /* 
> idan keipour 
> 315355537
> EX8
> */
. 
. use "uk_panel.dta", clear                // open a Stata data file"
(Written by R)

. count if female ==1
  0

. gen sqage=age*age

. reg lwage sqage age cog married

      Source |       SS           df       MS      Number of obs   =     6,652
-------------+----------------------------------   F(4, 6647)      =    133.01
       Model |   234.12701         4  58.5317525   Prob > F        =    0.0000
    Residual |  2924.99871     6,647  .440047948   R-squared       =    0.0741
-------------+----------------------------------   Adj R-squared   =    0.0736
       Total |  3159.12572     6,651  .474985073   Root MSE        =    .66336

------------------------------------------------------------------------------
       lwage |      Coef.   Std. Err.      t    P>|t|     [95% Conf. Interval]
-------------+----------------------------------------------------------------
       sqage |  -.0012054   .0002895    -4.16   0.000    -.0017729   -.0006379
         age |   .0968289   .0201976     4.79   0.000      .057235    .1364227
         cog |   .3230201   .0166905    19.35   0.000     .2903013    .3557388
     married |    .100889   .0171665     5.88   0.000     .0672371    .1345408
       _cons |   5.671274   .3445728    16.46   0.000     4.995801    6.346747
------------------------------------------------------------------------------

. reg lwage sqage age cog married london

      Source |       SS           df       MS      Number of obs   =     6,647
-------------+----------------------------------   F(5, 6641)      =    107.72
       Model |  236.870663         5  47.3741327   Prob > F        =    0.0000
    Residual |  2920.58886     6,641  .439781487   R-squared       =    0.0750
-------------+----------------------------------   Adj R-squared   =    0.0743
       Total |  3157.45952     6,646  .475091712   Root MSE        =    .66316

------------------------------------------------------------------------------
       lwage |      Coef.   Std. Err.      t    P>|t|     [95% Conf. Interval]
-------------+----------------------------------------------------------------
       sqage |  -.0012099   .0002895    -4.18   0.000    -.0017774   -.0006425
         age |    .097088   .0201957     4.81   0.000      .057498     .136678
         cog |    .317646   .0167797    18.93   0.000     .2847525    .3505396
     married |   .1028293   .0171791     5.99   0.000     .0691527    .1365059
      london |   .0859823   .0300757     2.86   0.004     .0270243    .1449403
       _cons |   5.661834   .3445649    16.43   0.000     4.986376    6.337292
------------------------------------------------------------------------------

. reg lwage married age sqage cog london i.occ_cat

      Source |       SS           df       MS      Number of obs   =     6,444
-------------+----------------------------------   F(14, 6429)     =     89.66
       Model |  432.708868        14  30.9077763   Prob > F        =    0.0000
    Residual |  2216.14705     6,429  .344711005   R-squared       =    0.1634
-------------+----------------------------------   Adj R-squared   =    0.1615
       Total |  2648.85592     6,443  .411121515   Root MSE        =    .58712

-------------------------------------------------------------------------------------------------------------
                                      lwage |      Coef.   Std. Err.      t    P>|t|     [95% Conf. Interval]
--------------------------------------------+----------------------------------------------------------------
                                    married |   .0878324   .0154533     5.68   0.000     .0575388    .1181259
                                        age |   .0616194   .0182858     3.37   0.001     .0257731    .0974657
                                      sqage |  -.0007166   .0002622    -2.73   0.006    -.0012306   -.0002026
                                        cog |   .1811778   .0178489    10.15   0.000     .1461881    .2161675
                                     london |   .0813087   .0271036     3.00   0.003     .0281767    .1344408
                                            |
                                    occ_cat |
                             Professionals  |  -.0198928    .024554    -0.81   0.418    -.0680269    .0282412
   Technicians and associate professionals  |  -.1865094   .0242815    -7.68   0.000    -.2341092   -.1389095
                  Clerical support workers  |  -.4435609   .0336063   -13.20   0.000    -.5094405   -.3776813
                 Service and sales workers  |  -.4236139   .0307246   -13.79   0.000    -.4838443   -.3633835
                      Skilled agricultural  |  -.7704837   .0654557   -11.77   0.000    -.8987985   -.6421688
          Craft and related trades workers  |    -.26962   .0269321   -10.01   0.000    -.3224159   -.2168242
Plant and machine operators and assemblers  |  -.2954748   .0332022    -8.90   0.000    -.3605622   -.2303875
                    Elementary occupations  |  -.5361112   .0325429   -16.47   0.000    -.5999062   -.4723162
                  Armed forces occupations  |  -.0763882    .170633    -0.45   0.654    -.4108858    .2581094
                                            |
                                      _cons |   6.572678   .3127723    21.01   0.000      5.95954    7.185816
-------------------------------------------------------------------------------------------------------------

. xtreg lwage sqage age cog married london i.occ_cat, fe i(id)
note: cog omitted because of collinearity

Fixed-effects (within) regression               Number of obs     =      6,444
Group variable: id                              Number of groups  =      1,198

R-sq:                                           Obs per group:
     within  = 0.0658                                         min =          1
     between = 0.0321                                         avg =        5.4
     overall = 0.0370                                         max =         10

                                                F(13,5233)        =      28.35
corr(u_i, Xb)  = -0.1812                        Prob > F          =     0.0000

-------------------------------------------------------------------------------------------------------------
                                      lwage |      Coef.   Std. Err.      t    P>|t|     [95% Conf. Interval]
--------------------------------------------+----------------------------------------------------------------
                                      sqage |  -.0012689   .0002783    -4.56   0.000    -.0018144   -.0007233
                                        age |   .1228416   .0195005     6.30   0.000     .0846125    .1610707
                                        cog |          0  (omitted)
                                    married |   .0241236   .0161775     1.49   0.136    -.0075911    .0558383
                                     london |   -.129291   .0696585    -1.86   0.064    -.2658508    .0072689
                                            |
                                    occ_cat |
                             Professionals  |  -.0144277   .0391436    -0.37   0.712    -.0911656    .0623102
   Technicians and associate professionals  |  -.0595106   .0350432    -1.70   0.090    -.1282099    .0091886
                  Clerical support workers  |  -.1543978   .0439694    -3.51   0.000    -.2405962   -.0681994
                 Service and sales workers  |  -.1333214   .0503565    -2.65   0.008    -.2320413   -.0346016
                      Skilled agricultural  |  -.5520692   .1150394    -4.80   0.000    -.7775945    -.326544
          Craft and related trades workers  |  -.0294677   .0492324    -0.60   0.550    -.1259838    .0670485
Plant and machine operators and assemblers  |   .0970852   .0596008     1.63   0.103    -.0197572    .2139276
                    Elementary occupations  |  -.1503161   .0534692    -2.81   0.005     -.255138   -.0454942
                  Armed forces occupations  |  -.1302034   .1974334    -0.66   0.510    -.5172553    .2568486
                                            |
                                      _cons |   5.113314   .3421162    14.95   0.000     4.442624    5.784005
--------------------------------------------+----------------------------------------------------------------
                                    sigma_u |  .53999837
                                    sigma_e |  .41533615
                                        rho |  .62830588   (fraction of variance due to u_i)
-------------------------------------------------------------------------------------------------------------
F test that all u_i=0: F(1197, 5233) = 6.53                  Prob > F = 0.0000

. gen event=year-year_married     

. gen s0=event==0

. gen s1=event==1

. gen s2=event==2

. gen s3=event==3

. gen s4=event==4

. gen s5=event==5

. gen s6=event==6

. reg lwage sqage age cog london s0 s1 s2 s3 s4 s5 s6

      Source |       SS           df       MS      Number of obs   =     6,647
-------------+----------------------------------   F(11, 6635)     =     51.16
       Model |  246.850373        11   22.440943   Prob > F        =    0.0000
    Residual |  2910.60915     6,635  .438675079   R-squared       =    0.0782
-------------+----------------------------------   Adj R-squared   =    0.0767
       Total |  3157.45952     6,646  .475091712   Root MSE        =    .66233

------------------------------------------------------------------------------
       lwage |      Coef.   Std. Err.      t    P>|t|     [95% Conf. Interval]
-------------+----------------------------------------------------------------
       sqage |  -.0011458   .0002902    -3.95   0.000    -.0017146    -.000577
         age |   .0906674    .020281     4.47   0.000       .05091    .1304247
         cog |   .3149834   .0167746    18.78   0.000     .2820999     .347867
      london |   .0887283   .0300555     2.95   0.003       .02981    .1476467
          s0 |   .0701881   .0236731     2.96   0.003     .0237813    .1165949
          s1 |   .0826966   .0273757     3.02   0.003     .0290313    .1363618
          s2 |   .0916663   .0294789     3.11   0.002     .0338781    .1494544
          s3 |      .1623   .0321747     5.04   0.000     .0992272    .2253727
          s4 |   .1674935   .0365202     4.59   0.000     .0959022    .2390848
          s5 |   .1246903   .0413769     3.01   0.003     .0435783    .2058023
          s6 |   .2590981   .0488026     5.31   0.000     .1634294    .3547669
       _cons |   5.795424   .3464242    16.73   0.000     5.116322    6.474527
------------------------------------------------------------------------------

. 
. log close                                               // close the log
      name:  <unnamed>
       log:  C:\Users\idank\לימודים\שנה ב\אקונומטריקה\תרגיל 8\ps8_log.log
  log type:  text
 closed on:  31 Dec 2020, 12:35:28
----------------------------------------------------------------------------------------------------------------------------------------------------------
