----------------------------------------------------------------------------------------------------------------------------------------------------------
      name:  <unnamed>
       log:  C:\Users\idank\לימודים\שנה ב\אקונומטריקה\תרגיל 2\ps2_log.log
  log type:  text
 opened on:   4 Nov 2020, 12:17:47

. 
. 
. /* 
> idan keipour 
> 315355537
> EX2
> */
. 
. 
. use "ATTEND_2020.dta", clear                // open a Stata data file"

. use "BWGHT2_2020.dta", clear

. 
. 
. * ans number 1)
. count
  1,663

. sum cigs if cigs>0

    Variable |        Obs        Mean    Std. Dev.       Min        Max
-------------+---------------------------------------------------------
        cigs |        126    12.56349    7.725797          1         40

. sum drink

    Variable |        Obs        Mean    Std. Dev.       Min        Max
-------------+---------------------------------------------------------
       drink |      1,557    .0199101    .2982196          0          8

. tab monpre

      month |
   prenatal |
 care began |      Freq.     Percent        Cum.
------------+-----------------------------------
          0 |          5        0.30        0.30
          1 |        513       30.92       31.22
          2 |        749       45.15       76.37
          3 |        229       13.80       90.17
          4 |         84        5.06       95.24
          5 |         39        2.35       97.59
          6 |         12        0.72       98.31
          7 |         13        0.78       99.10
          8 |         14        0.84       99.94
          9 |          1        0.06      100.00
------------+-----------------------------------
      Total |      1,659      100.00

. reg bwght cigs

      Source |       SS           df       MS      Number of obs   =     1,560
-------------+----------------------------------   F(1, 1558)      =     12.53
       Model |  3938601.99         1  3938601.99   Prob > F        =    0.0004
    Residual |   489544290     1,558   314213.28   R-squared       =    0.0080
-------------+----------------------------------   Adj R-squared   =    0.0073
       Total |   493482892     1,559  316538.096   Root MSE        =    560.55

------------------------------------------------------------------------------
       bwght |      Coef.   Std. Err.      t    P>|t|     [95% Conf. Interval]
-------------+----------------------------------------------------------------
        cigs |  -12.36928     3.4937    -3.54   0.000    -19.22213   -5.516428
       _cons |   3422.991    14.6283   234.00   0.000     3394.298    3451.685
------------------------------------------------------------------------------

. 
. use "ATTEND_2020.dta", clear

. 
. * ans number 2)
. sum ACT

    Variable |        Obs        Mean    Std. Dev.       Min        Max
-------------+---------------------------------------------------------
         ACT |        651      22.553     3.48335         13         32

. sum atndrte

    Variable |        Obs        Mean    Std. Dev.       Min        Max
-------------+---------------------------------------------------------
     atndrte |        651    81.64843    17.10159       6.25        100

. reg atndrte ACT

      Source |       SS           df       MS      Number of obs   =       651
-------------+----------------------------------   F(1, 649)       =     14.93
       Model |   4274.0199         1   4274.0199   Prob > F        =    0.0001
    Residual |  185827.717       649  286.329301   R-squared       =    0.0225
-------------+----------------------------------   Adj R-squared   =    0.0210
       Total |  190101.737       650   292.46421   Root MSE        =    16.921

------------------------------------------------------------------------------
     atndrte |      Coef.   Std. Err.      t    P>|t|     [95% Conf. Interval]
-------------+----------------------------------------------------------------
         ACT |  -.7361469   .1905369    -3.86   0.000     -1.11029   -.3620037
       _cons |   98.25074   4.348054    22.60   0.000     89.71279    106.7887
------------------------------------------------------------------------------

. predict a
(option xb assumed; fitted values)

. sum a

    Variable |        Obs        Mean    Std. Dev.       Min        Max
-------------+---------------------------------------------------------
           a |        651    81.64842    2.564257   74.69404   88.68083

. 
. 
. log close                                               // close the log
      name:  <unnamed>
       log:  C:\Users\idank\לימודים\שנה ב\אקונומטריקה\תרגיל 2\ps2_log.log
  log type:  text
 closed on:   4 Nov 2020, 12:17:47
----------------------------------------------------------------------------------------------------------------------------------------------------------
