----------------------------------------------------------------------------------------------------------------------------------------------------------
      name:  <unnamed>
       log:  C:\Users\idank\לימודים\שנה ב\אקונומטריקה\תרגיל 1\ps1_log.log
  log type:  text
 opened on:  27 Oct 2020, 23:26:01

. 
. 
. /* 
> ** Introduction to Econometrics 2020
> ** Problem Set 1
> 
> ** Yoav Goldstein       12345678 
> ** Shahar Lahad         12345678
> */
. 
. 
. use "CRIMES.dta", clear                // open a Stata data file named "CRIMES"

. 
. * ans number 1)
. scatter crimes police 

. 
. * ans number 2)
. gen crimes_per_capita = crimes/pop

. 
. * ans number 3)
. gen police_per_capita = police/pop

. 
. * ans number 4)
. scatter crimes_per_capita police_per_capita 

. 
. * ans number 5)
. sum crimes_per_capita police_per_capita if west == 1

    Variable |        Obs        Mean    Std. Dev.       Min        Max
-------------+---------------------------------------------------------
crimes_per~a |         26    .0968463    .0235826   .0701173   .1657997
police_per~a |         26    .0017955    .0004281   .0012839   .0027828

. sum crimes_per_capita police_per_capita if nrtheast == 1

    Variable |        Obs        Mean    Std. Dev.       Min        Max
-------------+---------------------------------------------------------
crimes_per~a |         11    .1036093    .0368175    .063699   .1693155
police_per~a |         11    .0028922    .0004963   .0021315   .0035554

. sum crimes_per_capita police_per_capita if south == 1

    Variable |        Obs        Mean    Std. Dev.       Min        Max
-------------+---------------------------------------------------------
crimes_per~a |         28    .1115013    .0365858   .0540636   .1794173
police_per~a |         28    .0022233    .0004236   .0014817   .0031306

. sum crimes_per_capita police_per_capita if south == 0 & nrtheast == 0 & west == 0 

    Variable |        Obs        Mean    Std. Dev.       Min        Max
-------------+---------------------------------------------------------
crimes_per~a |         16    .0944111     .020672   .0634185   .1268054
police_per~a |         16    .0026214      .00074   .0017644   .0046192

. 
. * ans number 6)
. corr  unem crimes_per_capita
(obs=81)

             |     unem crimes~a
-------------+------------------
        unem |   1.0000
crimes_per~a |  -0.1009   1.0000


. 
. *ans number 7)
. mean crimes_per_capita if pop<=350000 & year==87

Mean estimation                   Number of obs   =         20

-------------------------------------------------------------------
                  |       Mean   Std. Err.     [95% Conf. Interval]
------------------+------------------------------------------------
crimes_per_capita |   .1011755   .0079604      .0845141    .1178368
-------------------------------------------------------------------

. mean crimes_per_capita if pop<=350000 & year==82

Mean estimation                   Number of obs   =         19

-------------------------------------------------------------------
                  |       Mean   Std. Err.     [95% Conf. Interval]
------------------+------------------------------------------------
crimes_per_capita |    .101134   .0063597      .0877727    .1144953
-------------------------------------------------------------------

. 
. *ans number 8)
. scatter crimes_per_capita unem if year == 87

. 
. 
. log close                                               // close the log
      name:  <unnamed>
       log:  C:\Users\idank\לימודים\שנה ב\אקונומטריקה\תרגיל 1\ps1_log.log
  log type:  text
 closed on:  27 Oct 2020, 23:26:02
----------------------------------------------------------------------------------------------------------------------------------------------------------
