----------------------------------------------------------------------------------------------------------------------------------------------------------
      name:  <unnamed>
       log:  C:\Users\idank\לימודים\שנה ב\אקונומטריקה\תרגיל 5\ps5_log.log
  log type:  text
 opened on:   2 Dec 2020, 10:23:04

. 
. 
. /* 
> idan keipour 
> 315355537
> EX3
> */
. 
. use "WAGE1.dta", clear                // open a Stata data file"

. 
. 
. * ans 4)
. gen l_wage = log(wage)

. reg l_wage educ IQ

      Source |       SS           df       MS      Number of obs   =       935
-------------+----------------------------------   F(2, 932)       =     69.42
       Model |  21.4779447         2  10.7389723   Prob > F        =    0.0000
    Residual |  144.178339       932  .154697788   R-squared       =    0.1297
-------------+----------------------------------   Adj R-squared   =    0.1278
       Total |  165.656283       934  .177362188   Root MSE        =    .39332

------------------------------------------------------------------------------
      l_wage |      Coef.   Std. Err.      t    P>|t|     [95% Conf. Interval]
-------------+----------------------------------------------------------------
        educ |   .0391199   .0068382     5.72   0.000     .0256998      .05254
          IQ |   .0058631   .0009979     5.88   0.000     .0039047    .0078215
       _cons |   5.658288   .0962408    58.79   0.000     5.469414    5.847162
------------------------------------------------------------------------------

. reg l_wage educ

      Source |       SS           df       MS      Number of obs   =       935
-------------+----------------------------------   F(1, 933)       =    100.70
       Model |  16.1377042         1  16.1377042   Prob > F        =    0.0000
    Residual |  149.518579       933  .160255712   R-squared       =    0.0974
-------------+----------------------------------   Adj R-squared   =    0.0964
       Total |  165.656283       934  .177362188   Root MSE        =    .40032

------------------------------------------------------------------------------
      l_wage |      Coef.   Std. Err.      t    P>|t|     [95% Conf. Interval]
-------------+----------------------------------------------------------------
        educ |   .0598392   .0059631    10.03   0.000     .0481366    .0715418
       _cons |   5.973063   .0813737    73.40   0.000     5.813366    6.132759
------------------------------------------------------------------------------

. reg IQ educ

      Source |       SS           df       MS      Number of obs   =       935
-------------+----------------------------------   F(1, 933)       =    338.02
       Model |  56280.9277         1  56280.9277   Prob > F        =    0.0000
    Residual |  155346.531       933  166.502177   R-squared       =    0.2659
-------------+----------------------------------   Adj R-squared   =    0.2652
       Total |  211627.459       934  226.581862   Root MSE        =    12.904

------------------------------------------------------------------------------
          IQ |      Coef.   Std. Err.      t    P>|t|     [95% Conf. Interval]
-------------+----------------------------------------------------------------
        educ |   3.533829   .1922095    18.39   0.000     3.156616    3.911042
       _cons |   53.68715   2.622933    20.47   0.000     48.53962    58.83469
------------------------------------------------------------------------------

. 
. 
. log close                                               // close the log
      name:  <unnamed>
       log:  C:\Users\idank\לימודים\שנה ב\אקונומטריקה\תרגיל 5\ps5_log.log
  log type:  text
 closed on:   2 Dec 2020, 10:23:04
----------------------------------------------------------------------------------------------------------------------------------------------------------
