----------------------------------------------------------------------------------------------------------------------------------------------------------
      name:  <unnamed>
       log:  C:\Users\idank\לימודים\שנה ב\אקונומטריקה\תרגיל 9\ps9_log.log
  log type:  text
 opened on:  31 Dec 2020, 00:38:54

. 
. 
. /* 
> idan keipour 
> 315355537
> EX9
> */
. 
. use "affairs", clear                // open a Stata data file"

. des

Contains data from affairs.dta
  obs:           601                          
 vars:            19                          25 Dec 2020 09:02
 size:        15,626                          
----------------------------------------------------------------------------------------------------------------------------------------------------------
              storage   display    value
variable name   type    format     label      variable label
----------------------------------------------------------------------------------------------------------------------------------------------------------
id              int     %9.0g                 identifier
male            byte    %9.0g                 =1 if male
age             float   %9.0g                 in years
yrsmarr         float   %9.0g                 years married
kids            byte    %9.0g                 =1 if have kids
relig           byte    %9.0g                 5 = very relig., 4 = somewhat, 3 = slightly, 2 = not at all, 1 = anti
educ            byte    %9.0g                 years schooling
occup           byte    %9.0g                 occupation, reverse Hollingshead scale
ratemarr        byte    %9.0g                 5 = vry hap marr, 4 = hap than avg, 3 = avg, 2 = smewht unhap, 1 = vry unhap
naffairs        byte    %9.0g                 number of affairs within last year
affair          byte    %9.0g                 =1 if had at least one affair
vryhap          byte    %9.0g                 ratemarr == 5
hapavg          byte    %9.0g                 ratemarr == 4
avgmarr         byte    %9.0g                 ratemarr == 3
unhap           byte    %9.0g                 ratemarr == 2
vryrel          byte    %9.0g                 relig == 5
smerel          byte    %9.0g                 relig == 4
slghtrel        byte    %9.0g                 relig == 3
notrel          byte    %9.0g                 relig == 2
----------------------------------------------------------------------------------------------------------------------------------------------------------
Sorted by: id

. reg affair male age yrsmarr kids educ vryhap hapavg avgmarr unhap vryrel smerel slghtrel notrel, robust

Linear regression                               Number of obs     =        601
                                                F(13, 587)        =       6.34
                                                Prob > F          =     0.0000
                                                R-squared         =     0.1251
                                                Root MSE          =     .40959

------------------------------------------------------------------------------
             |               Robust
      affair |      Coef.   Std. Err.      t    P>|t|     [95% Conf. Interval]
-------------+----------------------------------------------------------------
        male |   .0525731   .0391706     1.34   0.180    -.0243585    .1295046
         age |  -.0070142   .0031412    -2.23   0.026    -.0131836   -.0008448
     yrsmarr |   .0158145   .0056102     2.82   0.005     .0047959    .0268331
        kids |   .0439389   .0443027     0.99   0.322    -.0430722    .1309501
        educ |    .005012   .0078101     0.64   0.521    -.0103271    .0203511
      vryhap |  -.3164929   .1227822    -2.58   0.010    -.5576389   -.0753469
      hapavg |  -.2465442    .123395    -2.00   0.046    -.4888937   -.0041948
     avgmarr |   -.192372    .127596    -1.51   0.132    -.4429722    .0582282
       unhap |   .0014185    .132606     0.01   0.991    -.2590214    .2618585
      vryrel |  -.2544296   .0845288    -3.01   0.003    -.4204453    -.088414
      smerel |  -.2700229   .0747057    -3.61   0.000    -.4167458   -.1232999
    slghtrel |  -.1144318   .0791222    -1.45   0.149    -.2698289    .0409654
      notrel |  -.1849158   .0768009    -2.41   0.016    -.3357537   -.0340779
       _cons |     .63204   .1872977     3.37   0.001     .2641848    .9998952
------------------------------------------------------------------------------

. margins, dydx(age) at(age=(17(10)57))

Average marginal effects                        Number of obs     =        601
Model VCE    : Robust

Expression   : Linear prediction, predict()
dy/dx w.r.t. : age

1._at        : age             =          17

2._at        : age             =          27

3._at        : age             =          37

4._at        : age             =          47

5._at        : age             =          57

------------------------------------------------------------------------------
             |            Delta-method
             |      dy/dx   Std. Err.      t    P>|t|     [95% Conf. Interval]
-------------+----------------------------------------------------------------
age          |
         _at |
          1  |  -.0070142   .0031412    -2.23   0.026    -.0131836   -.0008448
          2  |  -.0070142   .0031412    -2.23   0.026    -.0131836   -.0008448
          3  |  -.0070142   .0031412    -2.23   0.026    -.0131836   -.0008448
          4  |  -.0070142   .0031412    -2.23   0.026    -.0131836   -.0008448
          5  |  -.0070142   .0031412    -2.23   0.026    -.0131836   -.0008448
------------------------------------------------------------------------------

. 
. probit affair male age yrsmarr kids educ vryhap hapavg avgmarr unhap vryrel smerel slghtrel notrel, robust

Iteration 0:   log pseudolikelihood = -337.68849  
Iteration 1:   log pseudolikelihood = -300.29908  
Iteration 2:   log pseudolikelihood = -300.06312  
Iteration 3:   log pseudolikelihood = -300.06311  

Probit regression                               Number of obs     =        601
                                                Wald chi2(13)     =      65.29
                                                Prob > chi2       =     0.0000
Log pseudolikelihood = -300.06311               Pseudo R2         =     0.1114

------------------------------------------------------------------------------
             |               Robust
      affair |      Coef.   Std. Err.      z    P>|z|     [95% Conf. Interval]
-------------+----------------------------------------------------------------
        male |   .1938614    .133436     1.45   0.146    -.0676683     .455391
         age |  -.0240522   .0112699    -2.13   0.033    -.0461408   -.0019635
     yrsmarr |   .0546355   .0191796     2.85   0.004     .0170441    .0922268
        kids |   .1866163   .1679739     1.11   0.267    -.1426065     .515839
        educ |   .0147474   .0267038     0.55   0.581    -.0375911    .0670858
      vryhap |  -.9631589    .336398    -2.86   0.004    -1.622487    -.303831
      hapavg |  -.6974967   .3311302    -2.11   0.035      -1.3465   -.0484935
     avgmarr |   -.526031   .3431599    -1.53   0.125    -1.198612    .1465501
       unhap |   .0069106   .3482249     0.02   0.984    -.6755977    .6894189
      vryrel |  -.8220955   .2681514    -3.07   0.002    -1.347663   -.2965284
      smerel |  -.8886579   .2228622    -3.99   0.000     -1.32546    -.451856
    slghtrel |  -.3574494   .2211939    -1.62   0.106    -.7909814    .0760826
      notrel |  -.5739193   .2202906    -2.61   0.009    -1.005681   -.1421578
       _cons |   .4058447   .5829472     0.70   0.486    -.7367107      1.5484
------------------------------------------------------------------------------

. margins, dydx(*) post atmeans

Conditional marginal effects                    Number of obs     =        601
Model VCE    : Robust

Expression   : Pr(affair), predict()
dy/dx w.r.t. : male age yrsmarr kids educ vryhap hapavg avgmarr unhap vryrel smerel slghtrel notrel
at           : male            =    .4758735 (mean)
               age             =    32.48752 (mean)
               yrsmarr         =    8.177696 (mean)
               kids            =    .7154742 (mean)
               educ            =    16.16639 (mean)
               vryhap          =    .3860233 (mean)
               hapavg          =    .3227953 (mean)
               avgmarr         =    .1547421 (mean)
               unhap           =     .109817 (mean)
               vryrel          =    .1164725 (mean)
               smerel          =    .3161398 (mean)
               slghtrel        =    .2146423 (mean)
               notrel          =    .2728785 (mean)

------------------------------------------------------------------------------
             |            Delta-method
             |      dy/dx   Std. Err.      z    P>|z|     [95% Conf. Interval]
-------------+----------------------------------------------------------------
        male |   .0582829   .0401145     1.45   0.146      -.02034    .1369059
         age |  -.0072311   .0033711    -2.15   0.032    -.0138383   -.0006239
     yrsmarr |   .0164257   .0057358     2.86   0.004     .0051839    .0276676
        kids |   .0561047   .0504012     1.11   0.266    -.0426799    .1548894
        educ |   .0044337   .0080185     0.55   0.580    -.0112823    .0201497
      vryhap |  -.2895663    .100718    -2.88   0.004      -.48697   -.0921626
      hapavg |   -.209697   .0995668    -2.11   0.035    -.4048443   -.0145498
     avgmarr |  -.1581472    .103273    -1.53   0.126    -.3605584    .0442641
       unhap |   .0020776   .1046918     0.02   0.984    -.2031146    .2072698
      vryrel |  -.2471567   .0802893    -3.08   0.002    -.4045208   -.0897926
      smerel |  -.2671682   .0665357    -4.02   0.000    -.3975757   -.1367607
    slghtrel |  -.1074644   .0665476    -1.61   0.106    -.2378952    .0229664
      notrel |  -.1725444   .0661254    -2.61   0.009    -.3021479    -.042941
------------------------------------------------------------------------------

. probit affair male age yrsmarr kids educ vryhap hapavg avgmarr unhap vryrel smerel slghtrel notrel, robust

Iteration 0:   log pseudolikelihood = -337.68849  
Iteration 1:   log pseudolikelihood = -300.29908  
Iteration 2:   log pseudolikelihood = -300.06312  
Iteration 3:   log pseudolikelihood = -300.06311  

Probit regression                               Number of obs     =        601
                                                Wald chi2(13)     =      65.29
                                                Prob > chi2       =     0.0000
Log pseudolikelihood = -300.06311               Pseudo R2         =     0.1114

------------------------------------------------------------------------------
             |               Robust
      affair |      Coef.   Std. Err.      z    P>|z|     [95% Conf. Interval]
-------------+----------------------------------------------------------------
        male |   .1938614    .133436     1.45   0.146    -.0676683     .455391
         age |  -.0240522   .0112699    -2.13   0.033    -.0461408   -.0019635
     yrsmarr |   .0546355   .0191796     2.85   0.004     .0170441    .0922268
        kids |   .1866163   .1679739     1.11   0.267    -.1426065     .515839
        educ |   .0147474   .0267038     0.55   0.581    -.0375911    .0670858
      vryhap |  -.9631589    .336398    -2.86   0.004    -1.622487    -.303831
      hapavg |  -.6974967   .3311302    -2.11   0.035      -1.3465   -.0484935
     avgmarr |   -.526031   .3431599    -1.53   0.125    -1.198612    .1465501
       unhap |   .0069106   .3482249     0.02   0.984    -.6755977    .6894189
      vryrel |  -.8220955   .2681514    -3.07   0.002    -1.347663   -.2965284
      smerel |  -.8886579   .2228622    -3.99   0.000     -1.32546    -.451856
    slghtrel |  -.3574494   .2211939    -1.62   0.106    -.7909814    .0760826
      notrel |  -.5739193   .2202906    -2.61   0.009    -1.005681   -.1421578
       _cons |   .4058447   .5829472     0.70   0.486    -.7367107      1.5484
------------------------------------------------------------------------------

. margins, dydx(age) at(age=(17(10)57))

Average marginal effects                        Number of obs     =        601
Model VCE    : Robust

Expression   : Pr(affair), predict()
dy/dx w.r.t. : age

1._at        : age             =          17

2._at        : age             =          27

3._at        : age             =          37

4._at        : age             =          47

5._at        : age             =          57

------------------------------------------------------------------------------
             |            Delta-method
             |      dy/dx   Std. Err.      z    P>|z|     [95% Conf. Interval]
-------------+----------------------------------------------------------------
age          |
         _at |
          1  |  -.0077785   .0038392    -2.03   0.043    -.0153031   -.0002539
          2  |   -.007112   .0033949    -2.09   0.036     -.013766   -.0004581
          3  |  -.0062372   .0026491    -2.35   0.019    -.0114294    -.001045
          4  |  -.0052461   .0017619    -2.98   0.003    -.0086994   -.0017928
          5  |   -.004231    .000898    -4.71   0.000    -.0059911    -.002471
------------------------------------------------------------------------------

. marginsplot

  Variables that uniquely identify margins: age

. 
. logit affair male age yrsmarr kids educ vryhap hapavg avgmarr unhap vryrel smerel slghtrel notrel, robust

Iteration 0:   log pseudolikelihood = -337.68849  
Iteration 1:   log pseudolikelihood =  -301.2076  
Iteration 2:   log pseudolikelihood = -299.56142  
Iteration 3:   log pseudolikelihood = -299.55349  
Iteration 4:   log pseudolikelihood = -299.55349  

Logistic regression                             Number of obs     =        601
                                                Wald chi2(13)     =      62.78
                                                Prob > chi2       =     0.0000
Log pseudolikelihood = -299.55349               Pseudo R2         =     0.1129

------------------------------------------------------------------------------
             |               Robust
      affair |      Coef.   Std. Err.      z    P>|z|     [95% Conf. Interval]
-------------+----------------------------------------------------------------
        male |   .3274018   .2328896     1.41   0.160    -.1290534    .7838569
         age |  -.0426071   .0193102    -2.21   0.027    -.0804545   -.0047598
     yrsmarr |   .0949242   .0327638     2.90   0.004     .0307083    .1591401
        kids |   .3424485   .2952853     1.16   0.246       -.2363     .921197
        educ |   .0299208   .0460781     0.65   0.516    -.0603906    .1202321
      vryhap |  -1.655312   .5478605    -3.02   0.003    -2.729099   -.5815251
      hapavg |  -1.159478   .5334677    -2.17   0.030    -2.205055   -.1139002
     avgmarr |   -.854209    .552362    -1.55   0.122    -1.936819    .2284006
       unhap |    .009297   .5572998     0.02   0.987     -1.08299    1.101585
      vryrel |  -1.419959   .4628856    -3.07   0.002    -2.327198     -.51272
      smerel |  -1.528246    .380204    -4.02   0.000    -2.273432   -.7830604
    slghtrel |   -.594704   .3681618    -1.62   0.106    -1.316288    .1268799
      notrel |  -.9759371   .3715049    -2.63   0.009    -1.704073   -.2478008
       _cons |   .6384544   .9954461     0.64   0.521    -1.312584    2.589493
------------------------------------------------------------------------------

. margins, dydx(*) post atmeans

Conditional marginal effects                    Number of obs     =        601
Model VCE    : Robust

Expression   : Pr(affair), predict()
dy/dx w.r.t. : male age yrsmarr kids educ vryhap hapavg avgmarr unhap vryrel smerel slghtrel notrel
at           : male            =    .4758735 (mean)
               age             =    32.48752 (mean)
               yrsmarr         =    8.177696 (mean)
               kids            =    .7154742 (mean)
               educ            =    16.16639 (mean)
               vryhap          =    .3860233 (mean)
               hapavg          =    .3227953 (mean)
               avgmarr         =    .1547421 (mean)
               unhap           =     .109817 (mean)
               vryrel          =    .1164725 (mean)
               smerel          =    .3161398 (mean)
               slghtrel        =    .2146423 (mean)
               notrel          =    .2728785 (mean)

------------------------------------------------------------------------------
             |            Delta-method
             |      dy/dx   Std. Err.      z    P>|z|     [95% Conf. Interval]
-------------+----------------------------------------------------------------
        male |    .055987   .0397716     1.41   0.159    -.0219639    .1339379
         age |   -.007286    .003278    -2.22   0.026    -.0137107   -.0008613
     yrsmarr |   .0162324   .0055503     2.92   0.003     .0053539    .0271109
        kids |     .05856   .0503417     1.16   0.245    -.0401079    .1572279
        educ |   .0051166    .007856     0.65   0.515    -.0102808    .0205139
      vryhap |  -.2830647   .0926075    -3.06   0.002    -.4645722   -.1015573
      hapavg |  -.1982751   .0911512    -2.18   0.030    -.3769283    -.019622
     avgmarr |   -.146073   .0946226    -1.54   0.123    -.3315298    .0393838
       unhap |   .0015898   .0953009     0.02   0.987    -.1851966    .1883762
      vryrel |  -.2428185   .0783624    -3.10   0.002     -.396406    -.089231
      smerel |   -.261336   .0640057    -4.08   0.000    -.3867849   -.1358872
    slghtrel |  -.1016967   .0630391    -1.61   0.107     -.225251    .0218577
      notrel |   -.166889   .0632326    -2.64   0.008    -.2908226   -.0429554
------------------------------------------------------------------------------

. logit affair male age yrsmarr kids educ vryhap hapavg avgmarr unhap vryrel smerel slghtrel notrel, robust

Iteration 0:   log pseudolikelihood = -337.68849  
Iteration 1:   log pseudolikelihood =  -301.2076  
Iteration 2:   log pseudolikelihood = -299.56142  
Iteration 3:   log pseudolikelihood = -299.55349  
Iteration 4:   log pseudolikelihood = -299.55349  

Logistic regression                             Number of obs     =        601
                                                Wald chi2(13)     =      62.78
                                                Prob > chi2       =     0.0000
Log pseudolikelihood = -299.55349               Pseudo R2         =     0.1129

------------------------------------------------------------------------------
             |               Robust
      affair |      Coef.   Std. Err.      z    P>|z|     [95% Conf. Interval]
-------------+----------------------------------------------------------------
        male |   .3274018   .2328896     1.41   0.160    -.1290534    .7838569
         age |  -.0426071   .0193102    -2.21   0.027    -.0804545   -.0047598
     yrsmarr |   .0949242   .0327638     2.90   0.004     .0307083    .1591401
        kids |   .3424485   .2952853     1.16   0.246       -.2363     .921197
        educ |   .0299208   .0460781     0.65   0.516    -.0603906    .1202321
      vryhap |  -1.655312   .5478605    -3.02   0.003    -2.729099   -.5815251
      hapavg |  -1.159478   .5334677    -2.17   0.030    -2.205055   -.1139002
     avgmarr |   -.854209    .552362    -1.55   0.122    -1.936819    .2284006
       unhap |    .009297   .5572998     0.02   0.987     -1.08299    1.101585
      vryrel |  -1.419959   .4628856    -3.07   0.002    -2.327198     -.51272
      smerel |  -1.528246    .380204    -4.02   0.000    -2.273432   -.7830604
    slghtrel |   -.594704   .3681618    -1.62   0.106    -1.316288    .1268799
      notrel |  -.9759371   .3715049    -2.63   0.009    -1.704073   -.2478008
       _cons |   .6384544   .9954461     0.64   0.521    -1.312584    2.589493
------------------------------------------------------------------------------

. margins, dydx(age) at(age=(17(10)57))

Average marginal effects                        Number of obs     =        601
Model VCE    : Robust

Expression   : Pr(affair), predict()
dy/dx w.r.t. : age

1._at        : age             =          17

2._at        : age             =          27

3._at        : age             =          37

4._at        : age             =          47

5._at        : age             =          57

------------------------------------------------------------------------------
             |            Delta-method
             |      dy/dx   Std. Err.      z    P>|z|     [95% Conf. Interval]
-------------+----------------------------------------------------------------
age          |
         _at |
          1  |  -.0081698   .0038981    -2.10   0.036    -.0158099   -.0005296
          2  |  -.0073959   .0034316    -2.16   0.031    -.0141216   -.0006701
          3  |  -.0063799    .002616    -2.44   0.015    -.0115072   -.0012525
          4  |   -.005252   .0016639    -3.16   0.002    -.0085133   -.0019907
          5  |  -.0041372   .0007874    -5.25   0.000    -.0056804   -.0025939
------------------------------------------------------------------------------

. marginsplot

  Variables that uniquely identify margins: age

. 
. 
. log close                                               // close the log
      name:  <unnamed>
       log:  C:\Users\idank\לימודים\שנה ב\אקונומטריקה\תרגיל 9\ps9_log.log
  log type:  text
 closed on:  31 Dec 2020, 00:38:57
----------------------------------------------------------------------------------------------------------------------------------------------------------
